<?xml version="1.0" encoding="UTF-8"?>
<testng-results total="2" passed="2" failed="0" skipped="0">
  <reporter-output>
  </reporter-output>
  <suite started-at="2019-09-04T12:36:09Z" name="UPS Test Suite" finished-at="2019-09-04T12:36:53Z" duration-ms="44875">
    <groups>
      <group name="cucumber">
        <method signature="LoginTestRunner.feature(cucumber.api.testng.CucumberFeatureWrapper)[pri:0, instance:runner.LoginTestRunner@d21a74c]" name="feature" class="runner.LoginTestRunner"/>
        <method signature="ShippingTestRunner.feature(cucumber.api.testng.CucumberFeatureWrapper)[pri:0, instance:runner.ShippingTestRunner@2118cddf]" name="feature" class="runner.ShippingTestRunner"/>
      </group> <!-- cucumber -->
    </groups>
    <test started-at="2019-09-04T12:36:09Z" name="UPS Runner Test" finished-at="2019-09-04T12:36:53Z" duration-ms="44875">
      <class name="runner.ShippingTestRunner">
        <test-method is-config="true" signature="setUpClass()[pri:0, instance:runner.ShippingTestRunner@2118cddf]" started-at="2019-09-04T08:36:32Z" name="setUpClass" finished-at="2019-09-04T08:36:32Z" duration-ms="9" status="PASS">
          <reporter-output>
          </reporter-output>
        </test-method> <!-- setUpClass -->
        <test-method signature="feature(cucumber.api.testng.CucumberFeatureWrapper)[pri:0, instance:runner.ShippingTestRunner@2118cddf]" started-at="2019-09-04T08:36:32Z" name="feature" description="Runs Cucumber Feature" data-provider="features" finished-at="2019-09-04T08:36:53Z" duration-ms="21219" status="PASS">
          <params>
            <param index="0">
              <value>
                <![CDATA[Create shipping]]>
              </value>
            </param>
          </params>
          <reporter-output>
          </reporter-output>
        </test-method> <!-- feature -->
        <test-method is-config="true" signature="tearDownClass()[pri:0, instance:runner.ShippingTestRunner@2118cddf]" started-at="2019-09-04T08:36:53Z" name="tearDownClass" finished-at="2019-09-04T08:36:53Z" duration-ms="34" status="PASS">
          <reporter-output>
          </reporter-output>
        </test-method> <!-- tearDownClass -->
      </class> <!-- runner.ShippingTestRunner -->
      <class name="runner.LoginTestRunner">
        <test-method is-config="true" signature="setUpClass()[pri:0, instance:runner.LoginTestRunner@d21a74c]" started-at="2019-09-04T08:36:09Z" name="setUpClass" finished-at="2019-09-04T08:36:09Z" duration-ms="202" status="PASS">
          <reporter-output>
          </reporter-output>
        </test-method> <!-- setUpClass -->
        <test-method signature="feature(cucumber.api.testng.CucumberFeatureWrapper)[pri:0, instance:runner.LoginTestRunner@d21a74c]" started-at="2019-09-04T08:36:09Z" name="feature" description="Runs Cucumber Feature" data-provider="features" finished-at="2019-09-04T08:36:32Z" duration-ms="23299" status="PASS">
          <params>
            <param index="0">
              <value>
                <![CDATA[UPS.com Login feature]]>
              </value>
            </param>
          </params>
          <reporter-output>
          </reporter-output>
        </test-method> <!-- feature -->
        <test-method is-config="true" signature="tearDownClass()[pri:0, instance:runner.LoginTestRunner@d21a74c]" started-at="2019-09-04T08:36:32Z" name="tearDownClass" finished-at="2019-09-04T08:36:32Z" duration-ms="43" status="PASS">
          <reporter-output>
          </reporter-output>
        </test-method> <!-- tearDownClass -->
      </class> <!-- runner.LoginTestRunner -->
    </test> <!-- UPS Runner Test -->
  </suite> <!-- UPS Test Suite -->
</testng-results>
